0 info it worked if it ends with ok
1 verbose cli [ 'E:\\Program Files\\nodejs\\node.exe',
1 verbose cli   'E:\\Program Files\\nodejs\\node_modules\\npm\\bin\\npm-cli.js',
1 verbose cli   'install',
1 verbose cli   'bcrypt' ]
2 info using npm@2.14.12
3 info using node@v4.2.4
4 verbose install initial load of f:\Movie\package.json
5 verbose installManyTop reading scoped package data from f:\Movie\node_modules\body-parser\package.json
6 verbose installManyTop reading scoped package data from f:\Movie\node_modules\character-parser\package.json
7 verbose installManyTop reading scoped package data from f:\Movie\node_modules\connect-mongo\package.json
8 verbose installManyTop reading scoped package data from f:\Movie\node_modules\cookie-parser\package.json
9 verbose installManyTop reading scoped package data from f:\Movie\node_modules\debug\package.json
10 verbose installManyTop reading scoped package data from f:\Movie\node_modules\express\package.json
11 verbose installManyTop reading scoped package data from f:\Movie\node_modules\grunt\package.json
12 verbose installManyTop reading scoped package data from f:\Movie\node_modules\grunt-concurrent\package.json
13 verbose installManyTop reading scoped package data from f:\Movie\node_modules\grunt-contrib-nodemon\package.json
14 verbose installManyTop reading scoped package data from f:\Movie\node_modules\grunt-contrib-watch\package.json
15 verbose installManyTop reading scoped package data from f:\Movie\node_modules\grunt-nodemon\package.json
16 verbose installManyTop reading scoped package data from f:\Movie\node_modules\jade\package.json
17 verbose installManyTop reading scoped package data from f:\Movie\node_modules\moment\package.json
18 verbose installManyTop reading scoped package data from f:\Movie\node_modules\mongodb\package.json
19 verbose installManyTop reading scoped package data from f:\Movie\node_modules\mongoose\package.json
20 verbose installManyTop reading scoped package data from f:\Movie\node_modules\morgan\package.json
21 verbose installManyTop reading scoped package data from f:\Movie\node_modules\serve-favicon\package.json
22 verbose installManyTop reading scoped package data from f:\Movie\node_modules\underscore\package.json
23 info package.json grunt@0.4.5 No license field.
24 verbose readDependencies loading dependencies from f:\Movie\package.json
25 silly cache add args [ 'bcrypt', null ]
26 verbose cache add spec bcrypt
27 silly cache add parsed spec Result {
27 silly cache add   raw: 'bcrypt',
27 silly cache add   scope: null,
27 silly cache add   name: 'bcrypt',
27 silly cache add   rawSpec: '',
27 silly cache add   spec: 'latest',
27 silly cache add   type: 'tag' }
28 silly addNamed bcrypt@latest
29 verbose addNamed "latest" is being treated as a dist-tag for bcrypt
30 info addNameTag [ 'bcrypt', 'latest' ]
31 silly mapToRegistry name bcrypt
32 silly mapToRegistry using default registry
33 silly mapToRegistry registry https://registry.npmjs.org/
34 silly mapToRegistry uri https://registry.npmjs.org/bcrypt
35 verbose addNameTag registry:https://registry.npmjs.org/bcrypt not in flight; fetching
36 verbose request uri https://registry.npmjs.org/bcrypt
37 verbose request no auth needed
38 info attempt registry request try #1 at 20:50:33
39 verbose request id 4ec452b0160327e9
40 http request GET https://registry.npmjs.org/bcrypt
41 http 200 https://registry.npmjs.org/bcrypt
42 verbose headers { server: 'CouchDB/1.5.0 (Erlang OTP/R16B03)',
42 verbose headers   etag: '"DF3EBQ6WR5SIL9XWFAS173WIC"',
42 verbose headers   'content-type': 'application/json',
42 verbose headers   'cache-control': 'max-age=300',
42 verbose headers   'content-length': '78910',
42 verbose headers   'accept-ranges': 'bytes',
42 verbose headers   date: 'Thu, 28 Apr 2016 12:50:40 GMT',
42 verbose headers   via: '1.1 varnish',
42 verbose headers   age: '126',
42 verbose headers   connection: 'keep-alive',
42 verbose headers   'x-served-by': 'cache-lcy1135-LCY',
42 verbose headers   'x-cache': 'HIT',
42 verbose headers   'x-cache-hits': '1',
42 verbose headers   'x-timer': 'S1461847840.142254,VS0,VE0',
42 verbose headers   vary: 'Accept-Encoding' }
43 silly get cb [ 200,
43 silly get   { server: 'CouchDB/1.5.0 (Erlang OTP/R16B03)',
43 silly get     etag: '"DF3EBQ6WR5SIL9XWFAS173WIC"',
43 silly get     'content-type': 'application/json',
43 silly get     'cache-control': 'max-age=300',
43 silly get     'content-length': '78910',
43 silly get     'accept-ranges': 'bytes',
43 silly get     date: 'Thu, 28 Apr 2016 12:50:40 GMT',
43 silly get     via: '1.1 varnish',
43 silly get     age: '126',
43 silly get     connection: 'keep-alive',
43 silly get     'x-served-by': 'cache-lcy1135-LCY',
43 silly get     'x-cache': 'HIT',
43 silly get     'x-cache-hits': '1',
43 silly get     'x-timer': 'S1461847840.142254,VS0,VE0',
43 silly get     vary: 'Accept-Encoding' } ]
44 verbose get saving bcrypt to C:\Users\Magic-Y\AppData\Roaming\npm-cache\registry.npmjs.org\bcrypt\.cache.json
45 silly addNameTag next cb for bcrypt with tag latest
46 silly addNamed bcrypt@0.8.6
47 verbose addNamed "0.8.6" is a plain semver version for bcrypt
48 silly mapToRegistry name bcrypt
49 silly mapToRegistry using default registry
50 silly mapToRegistry registry https://registry.npmjs.org/
51 silly mapToRegistry uri https://registry.npmjs.org/bcrypt
52 verbose addRemoteTarball https://registry.npmjs.org/bcrypt/-/bcrypt-0.8.6.tgz not in flight; adding
53 verbose addRemoteTarball [ 'https://registry.npmjs.org/bcrypt/-/bcrypt-0.8.6.tgz',
53 verbose addRemoteTarball   '182164f7d5e1de94ddd797473efd48b57b1f04b4' ]
54 info retry fetch attempt 1 at 20:50:45
55 info attempt registry request try #1 at 20:50:45
56 http fetch GET https://registry.npmjs.org/bcrypt/-/bcrypt-0.8.6.tgz
57 http fetch 200 https://registry.npmjs.org/bcrypt/-/bcrypt-0.8.6.tgz
58 silly fetchAndShaCheck shasum 182164f7d5e1de94ddd797473efd48b57b1f04b4
59 verbose addTmpTarball C:\Users\Magic-Y\AppData\Local\Temp\npm-10832-64acfffc\registry.npmjs.org\bcrypt\-\bcrypt-0.8.6.tgz not in flight; adding
60 verbose addTmpTarball already have metadata; skipping unpack for bcrypt@0.8.6
61 silly cache afterAdd bcrypt@0.8.6
62 verbose afterAdd C:\Users\Magic-Y\AppData\Roaming\npm-cache\bcrypt\0.8.6\package\package.json not in flight; writing
63 verbose afterAdd C:\Users\Magic-Y\AppData\Roaming\npm-cache\bcrypt\0.8.6\package\package.json written
64 silly install resolved [ { name: 'bcrypt',
64 silly install resolved     description: 'A bcrypt library for NodeJS.',
64 silly install resolved     keywords:
64 silly install resolved      [ 'bcrypt',
64 silly install resolved        'password',
64 silly install resolved        'auth',
64 silly install resolved        'authentication',
64 silly install resolved        'encryption',
64 silly install resolved        'crypt',
64 silly install resolved        'crypto' ],
64 silly install resolved     main: './bcrypt',
64 silly install resolved     version: '0.8.6',
64 silly install resolved     author: { name: 'Nick Campbell', url: 'https://github.com/ncb000gt' },
64 silly install resolved     engines: { node: '>= 0.6.0' },
64 silly install resolved     repository:
64 silly install resolved      { type: 'git',
64 silly install resolved        url: 'git+https://github.com/ncb000gt/node.bcrypt.js.git' },
64 silly install resolved     license: 'MIT',
64 silly install resolved     bugs: { url: 'https://github.com/ncb000gt/node.bcrypt.js/issues' },
64 silly install resolved     scripts:
64 silly install resolved      { test: 'node-gyp configure build && nodeunit test',
64 silly install resolved        install: 'node-gyp rebuild' },
64 silly install resolved     dependencies: { bindings: '1.2.1', nan: '2.2.1' },
64 silly install resolved     devDependencies: { nodeunit: '~0.9.1' },
64 silly install resolved     contributors:
64 silly install resolved      [ [Object],
64 silly install resolved        [Object],
64 silly install resolved        [Object],
64 silly install resolved        [Object],
64 silly install resolved        [Object],
64 silly install resolved        [Object],
64 silly install resolved        [Object],
64 silly install resolved        [Object],
64 silly install resolved        [Object],
64 silly install resolved        [Object],
64 silly install resolved        [Object],
64 silly install resolved        [Object],
64 silly install resolved        [Object],
64 silly install resolved        [Object] ],
64 silly install resolved     gypfile: true,
64 silly install resolved     gitHead: '10f0f99232cea96446e95bf128f718b87aec3237',
64 silly install resolved     homepage: 'https://github.com/ncb000gt/node.bcrypt.js#readme',
64 silly install resolved     _id: 'bcrypt@0.8.6',
64 silly install resolved     _shasum: '182164f7d5e1de94ddd797473efd48b57b1f04b4',
64 silly install resolved     _from: 'bcrypt@latest',
64 silly install resolved     _npmVersion: '3.8.3',
64 silly install resolved     _nodeVersion: '5.10.1',
64 silly install resolved     _npmUser: { name: 'defunctzombie', email: 'shtylman@gmail.com' },
64 silly install resolved     dist:
64 silly install resolved      { shasum: '182164f7d5e1de94ddd797473efd48b57b1f04b4',
64 silly install resolved        tarball: 'https://registry.npmjs.org/bcrypt/-/bcrypt-0.8.6.tgz' },
64 silly install resolved     maintainers: [ [Object], [Object], [Object], [Object] ],
64 silly install resolved     _npmOperationalInternal:
64 silly install resolved      { host: 'packages-12-west.internal.npmjs.com',
64 silly install resolved        tmp: 'tmp/bcrypt-0.8.6.tgz_1461200578042_0.6844706872943789' },
64 silly install resolved     directories: {},
64 silly install resolved     _resolved: 'https://registry.npmjs.org/bcrypt/-/bcrypt-0.8.6.tgz' } ]
65 info install bcrypt@0.8.6 into f:\Movie
66 info installOne bcrypt@0.8.6
67 verbose installOne of bcrypt to f:\Movie not in flight; installing
68 verbose lock using C:\Users\Magic-Y\AppData\Roaming\npm-cache\_locks\bcrypt-b3106b429f596ac1.lock for f:\Movie\node_modules\bcrypt
69 silly install write writing bcrypt 0.8.6 to f:\Movie\node_modules\bcrypt
70 verbose unbuild node_modules\bcrypt
71 silly gentlyRm f:\Movie\node_modules\bcrypt is being purged from base f:\Movie
72 verbose gentlyRm don't care about contents; nuking f:\Movie\node_modules\bcrypt
73 verbose tar unpack C:\Users\Magic-Y\AppData\Roaming\npm-cache\bcrypt\0.8.6\package.tgz
74 verbose tar unpacking to f:\Movie\node_modules\bcrypt
75 silly gentlyRm f:\Movie\node_modules\bcrypt is being purged
76 verbose gentlyRm don't care about contents; nuking f:\Movie\node_modules\bcrypt
77 silly gunzTarPerm modes [ '777', '666' ]
78 silly gunzTarPerm extractEntry package.json
79 silly gunzTarPerm modified mode [ 'package.json', 420, 438 ]
80 silly gunzTarPerm extractEntry .npmignore
81 silly gunzTarPerm modified mode [ '.npmignore', 420, 438 ]
82 silly gunzTarPerm extractEntry README.md
83 silly gunzTarPerm modified mode [ 'README.md', 420, 438 ]
84 silly gunzTarPerm extractEntry LICENSE
85 silly gunzTarPerm modified mode [ 'LICENSE', 420, 438 ]
86 silly gunzTarPerm extractEntry bcrypt.js
87 silly gunzTarPerm modified mode [ 'bcrypt.js', 420, 438 ]
88 silly gunzTarPerm extractEntry Makefile
89 silly gunzTarPerm modified mode [ 'Makefile', 420, 438 ]
90 silly gunzTarPerm extractEntry .travis.yml
91 silly gunzTarPerm modified mode [ '.travis.yml', 420, 438 ]
92 silly gunzTarPerm extractEntry CHANGELOG.md
93 silly gunzTarPerm modified mode [ 'CHANGELOG.md', 420, 438 ]
94 silly gunzTarPerm extractEntry binding.gyp
95 silly gunzTarPerm modified mode [ 'binding.gyp', 420, 438 ]
96 silly gunzTarPerm extractEntry examples/async_compare.js
97 silly gunzTarPerm modified mode [ 'examples/async_compare.js', 420, 438 ]
98 silly gunzTarPerm extractEntry examples/forever_gen_salt.js
99 silly gunzTarPerm modified mode [ 'examples/forever_gen_salt.js', 420, 438 ]
100 silly gunzTarPerm extractEntry test/async.js
101 silly gunzTarPerm modified mode [ 'test/async.js', 420, 438 ]
102 silly gunzTarPerm extractEntry test/repetitions.js
103 silly gunzTarPerm modified mode [ 'test/repetitions.js', 420, 438 ]
104 silly gunzTarPerm extractEntry test/sync.js
105 silly gunzTarPerm modified mode [ 'test/sync.js', 420, 438 ]
106 silly gunzTarPerm extractEntry src/bcrypt.cc
107 silly gunzTarPerm modified mode [ 'src/bcrypt.cc', 420, 438 ]
108 silly gunzTarPerm extractEntry src/bcrypt_node.cc
109 silly gunzTarPerm modified mode [ 'src/bcrypt_node.cc', 420, 438 ]
110 silly gunzTarPerm extractEntry src/blowfish.cc
111 silly gunzTarPerm modified mode [ 'src/blowfish.cc', 420, 438 ]
112 silly gunzTarPerm extractEntry src/node_blf.h
113 silly gunzTarPerm modified mode [ 'src/node_blf.h', 420, 438 ]
114 silly gunzTarPerm extractEntry werker.yml
115 silly gunzTarPerm modified mode [ 'werker.yml', 420, 438 ]
116 verbose write writing to f:\Movie\node_modules\bcrypt\package.json
117 info preinstall bcrypt@0.8.6
118 verbose readDependencies loading dependencies from f:\Movie\node_modules\bcrypt\package.json
119 silly prepareForInstallMany adding bindings@1.2.1 from bcrypt dependencies
120 silly prepareForInstallMany adding nan@2.2.1 from bcrypt dependencies
121 verbose readDependencies loading dependencies from f:\Movie\node_modules\bcrypt\package.json
122 silly cache add args [ 'nan@2.2.1', null ]
123 verbose cache add spec nan@2.2.1
124 silly cache add parsed spec Result {
124 silly cache add   raw: 'nan@2.2.1',
124 silly cache add   scope: null,
124 silly cache add   name: 'nan',
124 silly cache add   rawSpec: '2.2.1',
124 silly cache add   spec: '2.2.1',
124 silly cache add   type: 'version' }
125 silly addNamed nan@2.2.1
126 verbose addNamed "2.2.1" is a plain semver version for nan
127 silly mapToRegistry name nan
128 silly mapToRegistry using default registry
129 silly mapToRegistry registry https://registry.npmjs.org/
130 silly mapToRegistry uri https://registry.npmjs.org/nan
131 verbose addNameVersion registry:https://registry.npmjs.org/nan not in flight; fetching
132 silly cache add args [ 'bindings@1.2.1', null ]
133 verbose cache add spec bindings@1.2.1
134 silly cache add parsed spec Result {
134 silly cache add   raw: 'bindings@1.2.1',
134 silly cache add   scope: null,
134 silly cache add   name: 'bindings',
134 silly cache add   rawSpec: '1.2.1',
134 silly cache add   spec: '1.2.1',
134 silly cache add   type: 'version' }
135 silly addNamed bindings@1.2.1
136 verbose addNamed "1.2.1" is a plain semver version for bindings
137 silly mapToRegistry name bindings
138 silly mapToRegistry using default registry
139 silly mapToRegistry registry https://registry.npmjs.org/
140 silly mapToRegistry uri https://registry.npmjs.org/bindings
141 verbose addNameVersion registry:https://registry.npmjs.org/bindings not in flight; fetching
142 verbose request uri https://registry.npmjs.org/nan
143 verbose request no auth needed
144 info attempt registry request try #1 at 20:50:47
145 verbose etag "BAF0CH6FX7ZGID84VMUQ15OTR"
146 http request GET https://registry.npmjs.org/nan
147 verbose request uri https://registry.npmjs.org/bindings
148 verbose request no auth needed
149 info attempt registry request try #1 at 20:50:47
150 verbose etag "1LLBF9OH58DLBEL4629U6032D"
151 http request GET https://registry.npmjs.org/bindings
152 http 304 https://registry.npmjs.org/bindings
153 verbose headers { date: 'Thu, 28 Apr 2016 12:50:48 GMT',
153 verbose headers   via: '1.1 varnish',
153 verbose headers   'cache-control': 'max-age=300',
153 verbose headers   etag: '"1LLBF9OH58DLBEL4629U6032D"',
153 verbose headers   age: '118',
153 verbose headers   connection: 'keep-alive',
153 verbose headers   'x-served-by': 'cache-lcy1125-LCY',
153 verbose headers   'x-cache': 'HIT',
153 verbose headers   'x-cache-hits': '2',
153 verbose headers   'x-timer': 'S1461847848.493790,VS0,VE0',
153 verbose headers   vary: 'Accept-Encoding' }
154 silly get cb [ 304,
154 silly get   { date: 'Thu, 28 Apr 2016 12:50:48 GMT',
154 silly get     via: '1.1 varnish',
154 silly get     'cache-control': 'max-age=300',
154 silly get     etag: '"1LLBF9OH58DLBEL4629U6032D"',
154 silly get     age: '118',
154 silly get     connection: 'keep-alive',
154 silly get     'x-served-by': 'cache-lcy1125-LCY',
154 silly get     'x-cache': 'HIT',
154 silly get     'x-cache-hits': '2',
154 silly get     'x-timer': 'S1461847848.493790,VS0,VE0',
154 silly get     vary: 'Accept-Encoding' } ]
155 verbose etag https://registry.npmjs.org/bindings from cache
156 verbose get saving bindings to C:\Users\Magic-Y\AppData\Roaming\npm-cache\registry.npmjs.org\bindings\.cache.json
157 silly cache afterAdd bindings@1.2.1
158 verbose afterAdd C:\Users\Magic-Y\AppData\Roaming\npm-cache\bindings\1.2.1\package\package.json not in flight; writing
159 verbose afterAdd C:\Users\Magic-Y\AppData\Roaming\npm-cache\bindings\1.2.1\package\package.json written
160 http 200 https://registry.npmjs.org/nan
161 verbose headers { server: 'CouchDB/1.5.0 (Erlang OTP/R16B03)',
161 verbose headers   etag: '"EHABLM48HODTES4F53YIIAWSX"',
161 verbose headers   'content-type': 'application/json',
161 verbose headers   'cache-control': 'max-age=300',
161 verbose headers   'content-length': '110552',
161 verbose headers   'accept-ranges': 'bytes',
161 verbose headers   date: 'Thu, 28 Apr 2016 12:50:48 GMT',
161 verbose headers   via: '1.1 varnish',
161 verbose headers   age: '171',
161 verbose headers   connection: 'keep-alive',
161 verbose headers   'x-served-by': 'cache-lcy1132-LCY',
161 verbose headers   'x-cache': 'HIT',
161 verbose headers   'x-cache-hits': '7',
161 verbose headers   'x-timer': 'S1461847848.486600,VS0,VE0',
161 verbose headers   vary: 'Accept-Encoding' }
162 silly get cb [ 200,
162 silly get   { server: 'CouchDB/1.5.0 (Erlang OTP/R16B03)',
162 silly get     etag: '"EHABLM48HODTES4F53YIIAWSX"',
162 silly get     'content-type': 'application/json',
162 silly get     'cache-control': 'max-age=300',
162 silly get     'content-length': '110552',
162 silly get     'accept-ranges': 'bytes',
162 silly get     date: 'Thu, 28 Apr 2016 12:50:48 GMT',
162 silly get     via: '1.1 varnish',
162 silly get     age: '171',
162 silly get     connection: 'keep-alive',
162 silly get     'x-served-by': 'cache-lcy1132-LCY',
162 silly get     'x-cache': 'HIT',
162 silly get     'x-cache-hits': '7',
162 silly get     'x-timer': 'S1461847848.486600,VS0,VE0',
162 silly get     vary: 'Accept-Encoding' } ]
163 verbose get saving nan to C:\Users\Magic-Y\AppData\Roaming\npm-cache\registry.npmjs.org\nan\.cache.json
164 silly mapToRegistry name nan
165 silly mapToRegistry using default registry
166 silly mapToRegistry registry https://registry.npmjs.org/
167 silly mapToRegistry uri https://registry.npmjs.org/nan
168 verbose addRemoteTarball https://registry.npmjs.org/nan/-/nan-2.2.1.tgz not in flight; adding
169 verbose addRemoteTarball [ 'https://registry.npmjs.org/nan/-/nan-2.2.1.tgz',
169 verbose addRemoteTarball   'd68693f6b34bb41d66bc68b3a4f9defc79d7149b' ]
170 info retry fetch attempt 1 at 20:50:51
171 info attempt registry request try #1 at 20:50:51
172 http fetch GET https://registry.npmjs.org/nan/-/nan-2.2.1.tgz
173 http fetch 200 https://registry.npmjs.org/nan/-/nan-2.2.1.tgz
174 silly fetchAndShaCheck shasum d68693f6b34bb41d66bc68b3a4f9defc79d7149b
175 verbose addTmpTarball C:\Users\Magic-Y\AppData\Local\Temp\npm-10832-64acfffc\registry.npmjs.org\nan\-\nan-2.2.1.tgz not in flight; adding
176 verbose addTmpTarball already have metadata; skipping unpack for nan@2.2.1
177 silly cache afterAdd nan@2.2.1
178 verbose afterAdd C:\Users\Magic-Y\AppData\Roaming\npm-cache\nan\2.2.1\package\package.json not in flight; writing
179 verbose afterAdd C:\Users\Magic-Y\AppData\Roaming\npm-cache\nan\2.2.1\package\package.json written
180 silly install resolved [ { name: 'bindings',
180 silly install resolved     description: 'Helper module for loading your native module\'s .node file',
180 silly install resolved     keywords: [ 'native', 'addon', 'bindings', 'gyp', 'waf', 'c', 'c++' ],
180 silly install resolved     version: '1.2.1',
180 silly install resolved     author:
180 silly install resolved      { name: 'Nathan Rajlich',
180 silly install resolved        email: 'nathan@tootallnate.net',
180 silly install resolved        url: 'http://tootallnate.net' },
180 silly install resolved     repository:
180 silly install resolved      { type: 'git',
180 silly install resolved        url: 'git://github.com/TooTallNate/node-bindings.git' },
180 silly install resolved     main: './bindings.js',
180 silly install resolved     bugs: { url: 'https://github.com/TooTallNate/node-bindings/issues' },
180 silly install resolved     homepage: 'https://github.com/TooTallNate/node-bindings',
180 silly install resolved     license: 'MIT',
180 silly install resolved     gitHead: 'e404152ee27f8478ccbc7122ee051246e8e5ec02',
180 silly install resolved     _id: 'bindings@1.2.1',
180 silly install resolved     scripts: {},
180 silly install resolved     _shasum: '14ad6113812d2d37d72e67b4cacb4bb726505f11',
180 silly install resolved     _from: 'bindings@1.2.1',
180 silly install resolved     _npmVersion: '1.4.14',
180 silly install resolved     _npmUser: { name: 'tootallnate', email: 'nathan@tootallnate.net' },
180 silly install resolved     maintainers: [ [Object], [Object] ],
180 silly install resolved     dist:
180 silly install resolved      { shasum: '14ad6113812d2d37d72e67b4cacb4bb726505f11',
180 silly install resolved        tarball: 'http://registry.npmjs.org/bindings/-/bindings-1.2.1.tgz' },
180 silly install resolved     directories: {},
180 silly install resolved     _resolved: 'https://registry.npmjs.org/bindings/-/bindings-1.2.1.tgz',
180 silly install resolved     readme: 'ERROR: No README data found!' },
180 silly install resolved   { name: 'nan',
180 silly install resolved     version: '2.2.1',
180 silly install resolved     description: 'Native Abstractions for Node.js: C++ header for Node 0.8 -> 4 compatibility',
180 silly install resolved     main: 'include_dirs.js',
180 silly install resolved     repository: { type: 'git', url: 'git://github.com/nodejs/nan.git' },
180 silly install resolved     scripts:
180 silly install resolved      { test: 'tap --gc test/js/*-test.js',
180 silly install resolved        'rebuild-tests': 'node-gyp rebuild --msvs_version=2013 --directory test',
180 silly install resolved        docs: 'doc/.build.sh' },
180 silly install resolved     contributors:
180 silly install resolved      [ [Object],
180 silly install resolved        [Object],
180 silly install resolved        [Object],
180 silly install resolved        [Object],
180 silly install resolved        [Object],
180 silly install resolved        [Object],
180 silly install resolved        [Object] ],
180 silly install resolved     devDependencies:
180 silly install resolved      { bindings: '~1.2.1',
180 silly install resolved        commander: '^2.8.1',
180 silly install resolved        glob: '^5.0.14',
180 silly install resolved        'node-gyp': '~3.0.1',
180 silly install resolved        tap: '~0.7.1',
180 silly install resolved        xtend: '~4.0.0' },
180 silly install resolved     license: 'MIT',
180 silly install resolved     bugs: { url: 'https://github.com/nodejs/nan/issues' },
180 silly install resolved     homepage: 'https://github.com/nodejs/nan#readme',
180 silly install resolved     _id: 'nan@2.2.1',
180 silly install resolved     _shasum: 'd68693f6b34bb41d66bc68b3a4f9defc79d7149b',
180 silly install resolved     _resolved: 'https://registry.npmjs.org/nan/-/nan-2.2.1.tgz',
180 silly install resolved     _from: 'nan@2.2.1',
180 silly install resolved     _npmVersion: '3.3.6',
180 silly install resolved     _nodeVersion: '5.0.0',
180 silly install resolved     _npmUser: { name: 'kkoopa', email: 'bbyholm@abo.fi' },
180 silly install resolved     dist:
180 silly install resolved      { shasum: 'd68693f6b34bb41d66bc68b3a4f9defc79d7149b',
180 silly install resolved        tarball: 'https://registry.npmjs.org/nan/-/nan-2.2.1.tgz' },
180 silly install resolved     maintainers: [ [Object], [Object] ],
180 silly install resolved     _npmOperationalInternal:
180 silly install resolved      { host: 'packages-12-west.internal.npmjs.com',
180 silly install resolved        tmp: 'tmp/nan-2.2.1.tgz_1459265439909_0.12396649201400578' },
180 silly install resolved     directories: {} } ]
181 info install bindings@1.2.1 into f:\Movie\node_modules\bcrypt
182 info install nan@2.2.1 into f:\Movie\node_modules\bcrypt
183 info installOne bindings@1.2.1
184 verbose installOne of bindings to f:\Movie\node_modules\bcrypt not in flight; installing
185 info installOne nan@2.2.1
186 verbose installOne of nan to f:\Movie\node_modules\bcrypt not in flight; installing
187 verbose lock using C:\Users\Magic-Y\AppData\Roaming\npm-cache\_locks\nan-a44db22c66a06fba.lock for f:\Movie\node_modules\bcrypt\node_modules\nan
188 verbose lock using C:\Users\Magic-Y\AppData\Roaming\npm-cache\_locks\bindings-3d06b3e61c7bd256.lock for f:\Movie\node_modules\bcrypt\node_modules\bindings
189 silly install write writing nan 2.2.1 to f:\Movie\node_modules\bcrypt\node_modules\nan
190 silly install write writing bindings 1.2.1 to f:\Movie\node_modules\bcrypt\node_modules\bindings
191 verbose unbuild node_modules\bcrypt\node_modules\nan
192 verbose unbuild node_modules\bcrypt\node_modules\bindings
193 silly gentlyRm f:\Movie\node_modules\bcrypt\node_modules\nan is being purged from base f:\Movie
194 verbose gentlyRm don't care about contents; nuking f:\Movie\node_modules\bcrypt\node_modules\nan
195 verbose tar unpack C:\Users\Magic-Y\AppData\Roaming\npm-cache\nan\2.2.1\package.tgz
196 verbose tar unpacking to f:\Movie\node_modules\bcrypt\node_modules\nan
197 silly gentlyRm f:\Movie\node_modules\bcrypt\node_modules\nan is being purged
198 verbose gentlyRm don't care about contents; nuking f:\Movie\node_modules\bcrypt\node_modules\nan
199 silly gentlyRm f:\Movie\node_modules\bcrypt\node_modules\bindings is being purged from base f:\Movie
200 verbose gentlyRm don't care about contents; nuking f:\Movie\node_modules\bcrypt\node_modules\bindings
201 silly gunzTarPerm modes [ '777', '666' ]
202 verbose tar unpack C:\Users\Magic-Y\AppData\Roaming\npm-cache\bindings\1.2.1\package.tgz
203 verbose tar unpacking to f:\Movie\node_modules\bcrypt\node_modules\bindings
204 silly gentlyRm f:\Movie\node_modules\bcrypt\node_modules\bindings is being purged
205 verbose gentlyRm don't care about contents; nuking f:\Movie\node_modules\bcrypt\node_modules\bindings
206 silly gunzTarPerm modes [ '777', '666' ]
207 silly gunzTarPerm extractEntry package.json
208 silly gunzTarPerm modified mode [ 'package.json', 436, 438 ]
209 silly gunzTarPerm extractEntry include_dirs.js
210 silly gunzTarPerm modified mode [ 'include_dirs.js', 436, 438 ]
211 silly gunzTarPerm extractEntry nan_converters.h
212 silly gunzTarPerm modified mode [ 'nan_converters.h', 436, 438 ]
213 silly gunzTarPerm extractEntry LICENSE.md
214 silly gunzTarPerm modified mode [ 'LICENSE.md', 436, 438 ]
215 silly gunzTarPerm extractEntry .dntrc
216 silly gunzTarPerm modified mode [ '.dntrc', 436, 438 ]
217 silly gunzTarPerm extractEntry appveyor.yml
218 silly gunzTarPerm modified mode [ 'appveyor.yml', 436, 438 ]
219 silly gunzTarPerm extractEntry doc/new.md
220 silly gunzTarPerm modified mode [ 'doc/new.md', 436, 438 ]
221 silly gunzTarPerm extractEntry doc/.build.sh
222 silly gunzTarPerm modified mode [ 'doc/.build.sh', 509, 511 ]
223 silly gunzTarPerm extractEntry doc/buffers.md
224 silly gunzTarPerm modified mode [ 'doc/buffers.md', 436, 438 ]
225 silly gunzTarPerm extractEntry doc/callback.md
226 silly gunzTarPerm modified mode [ 'doc/callback.md', 436, 438 ]
227 silly gunzTarPerm extractEntry doc/converters.md
228 silly gunzTarPerm modified mode [ 'doc/converters.md', 436, 438 ]
229 silly gunzTarPerm extractEntry doc/errors.md
230 silly gunzTarPerm modified mode [ 'doc/errors.md', 436, 438 ]
231 silly gunzTarPerm extractEntry doc/maybe_types.md
232 silly gunzTarPerm modified mode [ 'doc/maybe_types.md', 436, 438 ]
233 silly gunzTarPerm extractEntry doc/methods.md
234 silly gunzTarPerm modified mode [ 'doc/methods.md', 436, 438 ]
235 silly gunzTarPerm extractEntry doc/asyncworker.md
236 silly gunzTarPerm modified mode [ 'doc/asyncworker.md', 436, 438 ]
237 silly gunzTarPerm extractEntry doc/node_misc.md
238 silly gunzTarPerm modified mode [ 'doc/node_misc.md', 436, 438 ]
239 silly gunzTarPerm extractEntry doc/object_wrappers.md
240 silly gunzTarPerm modified mode [ 'doc/object_wrappers.md', 436, 438 ]
241 silly gunzTarPerm extractEntry doc/persistent.md
242 silly gunzTarPerm modified mode [ 'doc/persistent.md', 436, 438 ]
243 silly gunzTarPerm extractEntry doc/scopes.md
244 silly gunzTarPerm modified mode [ 'doc/scopes.md', 436, 438 ]
245 silly gunzTarPerm extractEntry doc/script.md
246 silly gunzTarPerm modified mode [ 'doc/script.md', 436, 438 ]
247 silly gunzTarPerm extractEntry package.json
248 silly gunzTarPerm modified mode [ 'package.json', 420, 438 ]
249 silly gunzTarPerm extractEntry README.md
250 silly gunzTarPerm modified mode [ 'README.md', 420, 438 ]
251 silly gunzTarPerm extractEntry bindings.js
252 silly gunzTarPerm modified mode [ 'bindings.js', 420, 438 ]
253 silly gunzTarPerm extractEntry doc/string_bytes.md
254 silly gunzTarPerm modified mode [ 'doc/string_bytes.md', 436, 438 ]
255 silly gunzTarPerm extractEntry doc/v8_internals.md
256 silly gunzTarPerm modified mode [ 'doc/v8_internals.md', 436, 438 ]
257 silly gunzTarPerm extractEntry doc/v8_misc.md
258 silly gunzTarPerm modified mode [ 'doc/v8_misc.md', 436, 438 ]
259 silly gunzTarPerm extractEntry nan.h
260 silly gunzTarPerm modified mode [ 'nan.h', 436, 438 ]
261 silly gunzTarPerm extractEntry nan_callbacks.h
262 silly gunzTarPerm modified mode [ 'nan_callbacks.h', 436, 438 ]
263 silly gunzTarPerm extractEntry nan_callbacks_12_inl.h
264 silly gunzTarPerm modified mode [ 'nan_callbacks_12_inl.h', 436, 438 ]
265 silly gunzTarPerm extractEntry nan_callbacks_pre_12_inl.h
266 silly gunzTarPerm modified mode [ 'nan_callbacks_pre_12_inl.h', 436, 438 ]
267 verbose write writing to f:\Movie\node_modules\bcrypt\node_modules\bindings\package.json
268 silly gunzTarPerm extractEntry nan_converters_43_inl.h
269 silly gunzTarPerm modified mode [ 'nan_converters_43_inl.h', 436, 438 ]
270 info preinstall bindings@1.2.1
271 verbose readDependencies loading dependencies from f:\Movie\node_modules\bcrypt\node_modules\bindings\package.json
272 silly gunzTarPerm extractEntry nan_converters_pre_43_inl.h
273 silly gunzTarPerm modified mode [ 'nan_converters_pre_43_inl.h', 436, 438 ]
274 silly gunzTarPerm extractEntry nan_implementation_12_inl.h
275 silly gunzTarPerm modified mode [ 'nan_implementation_12_inl.h', 436, 438 ]
276 silly gunzTarPerm extractEntry nan_implementation_pre_12_inl.h
277 silly gunzTarPerm modified mode [ 'nan_implementation_pre_12_inl.h', 436, 438 ]
278 verbose readDependencies loading dependencies from f:\Movie\node_modules\bcrypt\node_modules\bindings\package.json
279 silly gunzTarPerm extractEntry nan_maybe_43_inl.h
280 silly gunzTarPerm modified mode [ 'nan_maybe_43_inl.h', 436, 438 ]
281 silly install resolved []
282 verbose about to build f:\Movie\node_modules\bcrypt\node_modules\bindings
283 info build f:\Movie\node_modules\bcrypt\node_modules\bindings
284 info linkStuff bindings@1.2.1
285 silly linkStuff bindings@1.2.1 has f:\Movie\node_modules\bcrypt\node_modules as its parent node_modules
286 silly gunzTarPerm extractEntry nan_maybe_pre_43_inl.h
287 silly gunzTarPerm modified mode [ 'nan_maybe_pre_43_inl.h', 436, 438 ]
288 silly gunzTarPerm extractEntry nan_new.h
289 silly gunzTarPerm modified mode [ 'nan_new.h', 436, 438 ]
290 verbose linkBins bindings@1.2.1
291 verbose linkMans bindings@1.2.1
292 verbose rebuildBundles bindings@1.2.1
293 info install bindings@1.2.1
294 info postinstall bindings@1.2.1
295 silly gunzTarPerm extractEntry nan_object_wrap.h
296 silly gunzTarPerm modified mode [ 'nan_object_wrap.h', 436, 438 ]
297 silly gunzTarPerm extractEntry nan_persistent_12_inl.h
298 silly gunzTarPerm modified mode [ 'nan_persistent_12_inl.h', 436, 438 ]
299 verbose unlock done using C:\Users\Magic-Y\AppData\Roaming\npm-cache\_locks\bindings-3d06b3e61c7bd256.lock for f:\Movie\node_modules\bcrypt\node_modules\bindings
300 silly gunzTarPerm extractEntry nan_persistent_pre_12_inl.h
301 silly gunzTarPerm modified mode [ 'nan_persistent_pre_12_inl.h', 436, 438 ]
302 silly gunzTarPerm extractEntry nan_string_bytes.h
303 silly gunzTarPerm modified mode [ 'nan_string_bytes.h', 436, 438 ]
304 silly gunzTarPerm extractEntry nan_typedarray_contents.h
305 silly gunzTarPerm modified mode [ 'nan_typedarray_contents.h', 436, 438 ]
306 silly gunzTarPerm extractEntry nan_weak.h
307 silly gunzTarPerm modified mode [ 'nan_weak.h', 436, 438 ]
308 silly gunzTarPerm extractEntry CHANGELOG.md
309 silly gunzTarPerm modified mode [ 'CHANGELOG.md', 436, 438 ]
310 silly gunzTarPerm extractEntry tools/package.json
311 silly gunzTarPerm modified mode [ 'tools/package.json', 436, 438 ]
312 silly gunzTarPerm extractEntry tools/README.md
313 silly gunzTarPerm modified mode [ 'tools/README.md', 436, 438 ]
314 silly gunzTarPerm extractEntry tools/1to2.js
315 silly gunzTarPerm modified mode [ 'tools/1to2.js', 509, 511 ]
316 verbose write writing to f:\Movie\node_modules\bcrypt\node_modules\nan\package.json
317 info preinstall nan@2.2.1
318 verbose readDependencies loading dependencies from f:\Movie\node_modules\bcrypt\node_modules\nan\package.json
319 verbose readDependencies loading dependencies from f:\Movie\node_modules\bcrypt\node_modules\nan\package.json
320 silly install resolved []
321 verbose about to build f:\Movie\node_modules\bcrypt\node_modules\nan
322 info build f:\Movie\node_modules\bcrypt\node_modules\nan
323 info linkStuff nan@2.2.1
324 silly linkStuff nan@2.2.1 has f:\Movie\node_modules\bcrypt\node_modules as its parent node_modules
325 verbose linkBins nan@2.2.1
326 verbose linkMans nan@2.2.1
327 verbose rebuildBundles nan@2.2.1
328 info install nan@2.2.1
329 info postinstall nan@2.2.1
330 verbose unlock done using C:\Users\Magic-Y\AppData\Roaming\npm-cache\_locks\nan-a44db22c66a06fba.lock for f:\Movie\node_modules\bcrypt\node_modules\nan
331 verbose about to build f:\Movie\node_modules\bcrypt
332 info build f:\Movie\node_modules\bcrypt
333 info linkStuff bcrypt@0.8.6
334 silly linkStuff bcrypt@0.8.6 has f:\Movie\node_modules as its parent node_modules
335 verbose linkBins bcrypt@0.8.6
336 verbose linkMans bcrypt@0.8.6
337 verbose rebuildBundles bcrypt@0.8.6
338 verbose rebuildBundles [ 'bindings', 'nan' ]
339 info install bcrypt@0.8.6
340 verbose unsafe-perm in lifecycle true
341 info bcrypt@0.8.6 Failed to exec install script
342 verbose unlock done using C:\Users\Magic-Y\AppData\Roaming\npm-cache\_locks\bcrypt-b3106b429f596ac1.lock for f:\Movie\node_modules\bcrypt
343 verbose stack Error: bcrypt@0.8.6 install: `node-gyp rebuild`
343 verbose stack Exit status 1
343 verbose stack     at EventEmitter.<anonymous> (E:\Program Files\nodejs\node_modules\npm\lib\utils\lifecycle.js:214:16)
343 verbose stack     at emitTwo (events.js:87:13)
343 verbose stack     at EventEmitter.emit (events.js:172:7)
343 verbose stack     at ChildProcess.<anonymous> (E:\Program Files\nodejs\node_modules\npm\lib\utils\spawn.js:24:14)
343 verbose stack     at emitTwo (events.js:87:13)
343 verbose stack     at ChildProcess.emit (events.js:172:7)
343 verbose stack     at maybeClose (internal/child_process.js:818:16)
343 verbose stack     at Process.ChildProcess._handle.onexit (internal/child_process.js:211:5)
344 verbose pkgid bcrypt@0.8.6
345 verbose cwd f:\Movie
346 error Windows_NT 10.0.10586
347 error argv "E:\\Program Files\\nodejs\\node.exe" "E:\\Program Files\\nodejs\\node_modules\\npm\\bin\\npm-cli.js" "install" "bcrypt"
348 error node v4.2.4
349 error npm  v2.14.12
350 error code ELIFECYCLE
351 error bcrypt@0.8.6 install: `node-gyp rebuild`
351 error Exit status 1
352 error Failed at the bcrypt@0.8.6 install script 'node-gyp rebuild'.
352 error This is most likely a problem with the bcrypt package,
352 error not with npm itself.
352 error Tell the author that this fails on your system:
352 error     node-gyp rebuild
352 error You can get their info via:
352 error     npm owner ls bcrypt
352 error There is likely additional logging output above.
353 verbose exit [ 1, true ]
354 verbose unbuild node_modules\bcrypt
355 info preuninstall bcrypt@0.8.6
356 info uninstall bcrypt@0.8.6
357 verbose unbuild rmStuff bcrypt@0.8.6 from f:\Movie\node_modules
358 info postuninstall bcrypt@0.8.6
359 silly gentlyRm f:\Movie\node_modules\bcrypt is being purged from base f:\Movie
360 verbose gentlyRm don't care about contents; nuking f:\Movie\node_modules\bcrypt
361 silly vacuum-fs purging f:\Movie\node_modules\bcrypt
362 silly vacuum-fs quitting because other entries in f:\Movie\node_modules
